[0m12:57:40.154423 [debug] [MainThread]: Sending event: {'category': 'dbt', 'action': 'invocation', 'label': 'start', 'context': [<snowplow_tracker.self_describing_json.SelfDescribingJson object at 0x000001EFA5F483D0>, <snowplow_tracker.self_describing_json.SelfDescribingJson object at 0x000001EFA89C2220>, <snowplow_tracker.self_describing_json.SelfDescribingJson object at 0x000001EFA7FF8DF0>]}


============================== 12:57:40.159534 | 5d759da5-3e30-438b-9ece-3f97a58a66b1 ==============================
[0m12:57:40.159534 [info ] [MainThread]: Running with dbt=1.8.2
[0m12:57:40.160534 [debug] [MainThread]: running dbt with arguments {'printer_width': '80', 'indirect_selection': 'eager', 'log_cache_events': 'False', 'write_json': 'True', 'partial_parse': 'True', 'cache_selected_only': 'False', 'profiles_dir': 'C:\\Users\\DELL\\.dbt', 'debug': 'False', 'fail_fast': 'False', 'log_path': 'C:\\Users\\DELL\\Documents\\adventure-works-fea\\adventure_works_fea\\logs', 'warn_error': 'None', 'version_check': 'True', 'use_colors': 'True', 'use_experimental_parser': 'False', 'no_print': 'None', 'quiet': 'False', 'warn_error_options': 'WarnErrorOptions(include=[], exclude=[])', 'introspect': 'True', 'invocation_command': 'dbt debug', 'static_parser': 'True', 'target_path': 'None', 'log_format': 'default', 'send_anonymous_usage_stats': 'True'}
[0m12:57:40.189626 [info ] [MainThread]: dbt version: 1.8.2
[0m12:57:40.189626 [info ] [MainThread]: python version: 3.8.9
[0m12:57:40.190636 [info ] [MainThread]: python path: c:\users\dell\documents\adventure-works-fea\adventure_works_fea\venv\scripts\python.exe
[0m12:57:40.191634 [info ] [MainThread]: os info: Windows-10-10.0.22621-SP0
[0m12:57:46.148360 [info ] [MainThread]: Using profiles dir at C:\Users\DELL\.dbt
[0m12:57:46.149358 [info ] [MainThread]: Using profiles.yml file at C:\Users\DELL\.dbt\profiles.yml
[0m12:57:46.150510 [info ] [MainThread]: Using dbt_project.yml file at C:\Users\DELL\Documents\adventure-works-fea\adventure_works_fea\dbt_project.yml
[0m12:57:46.151021 [info ] [MainThread]: adapter type: bigquery
[0m12:57:46.152198 [info ] [MainThread]: adapter version: 1.8.1
[0m12:57:46.329169 [info ] [MainThread]: Configuration:
[0m12:57:46.331690 [info ] [MainThread]:   profiles.yml file [[32mOK found and valid[0m]
[0m12:57:46.331690 [info ] [MainThread]:   dbt_project.yml file [[32mOK found and valid[0m]
[0m12:57:46.333252 [info ] [MainThread]: Required dependencies:
[0m12:57:46.333252 [debug] [MainThread]: Executing "git --help"
[0m12:57:46.470870 [debug] [MainThread]: STDOUT: "b"usage: git [-v | --version] [-h | --help] [-C <path>] [-c <name>=<value>]\n           [--exec-path[=<path>]] [--html-path] [--man-path] [--info-path]\n           [-p | --paginate | -P | --no-pager] [--no-replace-objects] [--bare]\n           [--git-dir=<path>] [--work-tree=<path>] [--namespace=<name>]\n           [--config-env=<name>=<envvar>] <command> [<args>]\n\nThese are common Git commands used in various situations:\n\nstart a working area (see also: git help tutorial)\n   clone     Clone a repository into a new directory\n   init      Create an empty Git repository or reinitialize an existing one\n\nwork on the current change (see also: git help everyday)\n   add       Add file contents to the index\n   mv        Move or rename a file, a directory, or a symlink\n   restore   Restore working tree files\n   rm        Remove files from the working tree and from the index\n\nexamine the history and state (see also: git help revisions)\n   bisect    Use binary search to find the commit that introduced a bug\n   diff      Show changes between commits, commit and working tree, etc\n   grep      Print lines matching a pattern\n   log       Show commit logs\n   show      Show various types of objects\n   status    Show the working tree status\n\ngrow, mark and tweak your common history\n   branch    List, create, or delete branches\n   commit    Record changes to the repository\n   merge     Join two or more development histories together\n   rebase    Reapply commits on top of another base tip\n   reset     Reset current HEAD to the specified state\n   switch    Switch branches\n   tag       Create, list, delete or verify a tag object signed with GPG\n\ncollaborate (see also: git help workflows)\n   fetch     Download objects and refs from another repository\n   pull      Fetch from and integrate with another repository or a local branch\n   push      Update remote refs along with associated objects\n\n'git help -a' and 'git help -g' list available subcommands and some\nconcept guides. See 'git help <command>' or 'git help <concept>'\nto read about a specific subcommand or concept.\nSee 'git help git' for an overview of the system.\n""
[0m12:57:46.471883 [debug] [MainThread]: STDERR: "b''"
[0m12:57:46.471883 [info ] [MainThread]:  - git [[32mOK found[0m]

[0m12:57:46.472876 [info ] [MainThread]: Connection:
[0m12:57:46.474146 [info ] [MainThread]:   method: oauth
[0m12:57:46.474146 [info ] [MainThread]:   database: adventure-works-fea
[0m12:57:46.475153 [info ] [MainThread]:   execution_project: adventure-works-fea
[0m12:57:46.476161 [info ] [MainThread]:   schema: dados_brutos
[0m12:57:46.477367 [info ] [MainThread]:   location: US
[0m12:57:46.477872 [info ] [MainThread]:   priority: interactive
[0m12:57:46.478891 [info ] [MainThread]:   maximum_bytes_billed: None
[0m12:57:46.479902 [info ] [MainThread]:   impersonate_service_account: None
[0m12:57:46.480898 [info ] [MainThread]:   job_retry_deadline_seconds: None
[0m12:57:46.481899 [info ] [MainThread]:   job_retries: 1
[0m12:57:46.481899 [info ] [MainThread]:   job_creation_timeout_seconds: None
[0m12:57:46.482899 [info ] [MainThread]:   job_execution_timeout_seconds: 300
[0m12:57:46.484317 [info ] [MainThread]:   timeout_seconds: 300
[0m12:57:46.485701 [info ] [MainThread]:   client_id: None
[0m12:57:46.486245 [info ] [MainThread]:   token_uri: None
[0m12:57:46.486904 [info ] [MainThread]:   dataproc_region: None
[0m12:57:46.487369 [info ] [MainThread]:   dataproc_cluster_name: None
[0m12:57:46.488187 [info ] [MainThread]:   gcs_bucket: None
[0m12:57:46.488793 [info ] [MainThread]:   dataproc_batch: None
[0m12:57:46.489741 [info ] [MainThread]: Registered adapter: bigquery=1.8.1
[0m12:57:46.490749 [debug] [MainThread]: Acquiring new bigquery connection 'debug'
[0m12:57:46.490749 [debug] [MainThread]: Opening a new connection, currently in state init
[0m12:57:51.825307 [debug] [MainThread]: On debug: select 1 as id
[0m12:57:54.802819 [debug] [MainThread]: BigQuery adapter: https://console.cloud.google.com/bigquery?project=adventure-works-fea&j=bq:US:25f2c2b3-a5c9-484c-9525-9856cdb36b9a&page=queryresults
[0m12:57:55.940248 [info ] [MainThread]:   Connection test: [[32mOK connection ok[0m]

[0m12:57:55.941246 [info ] [MainThread]: [32mAll checks passed![0m
[0m12:57:55.943246 [debug] [MainThread]: Command `dbt debug` succeeded at 12:57:55.943246 after 15.89 seconds
[0m12:57:55.943752 [debug] [MainThread]: Connection 'debug' was properly closed.
[0m12:57:55.943752 [debug] [MainThread]: Sending event: {'category': 'dbt', 'action': 'invocation', 'label': 'end', 'context': [<snowplow_tracker.self_describing_json.SelfDescribingJson object at 0x000001EFA5F483D0>, <snowplow_tracker.self_describing_json.SelfDescribingJson object at 0x000001EFA8714370>, <snowplow_tracker.self_describing_json.SelfDescribingJson object at 0x000001EFB9C48250>]}
[0m12:57:55.944761 [debug] [MainThread]: Flushing usage events
[0m13:12:43.997774 [debug] [MainThread]: Sending event: {'category': 'dbt', 'action': 'invocation', 'label': 'start', 'context': [<snowplow_tracker.self_describing_json.SelfDescribingJson object at 0x000001740CF06370>, <snowplow_tracker.self_describing_json.SelfDescribingJson object at 0x000001740F9F67F0>, <snowplow_tracker.self_describing_json.SelfDescribingJson object at 0x000001740BEC0850>]}


============================== 13:12:44.001782 | 49377cf8-f53e-4d28-a82e-0258dd5f46b8 ==============================
[0m13:12:44.001782 [info ] [MainThread]: Running with dbt=1.8.2
[0m13:12:44.003334 [debug] [MainThread]: running dbt with arguments {'printer_width': '80', 'indirect_selection': 'eager', 'write_json': 'True', 'log_cache_events': 'False', 'partial_parse': 'True', 'cache_selected_only': 'False', 'profiles_dir': 'C:\\Users\\DELL\\Documents\\adventure-works-fea\\adventure_works_fea', 'version_check': 'True', 'warn_error': 'None', 'log_path': 'C:\\Users\\DELL\\Documents\\adventure-works-fea\\adventure_works_fea\\logs', 'fail_fast': 'False', 'debug': 'False', 'use_colors': 'True', 'use_experimental_parser': 'False', 'no_print': 'None', 'quiet': 'False', 'warn_error_options': 'WarnErrorOptions(include=[], exclude=[])', 'invocation_command': 'dbt debug', 'log_format': 'default', 'introspect': 'True', 'target_path': 'None', 'static_parser': 'True', 'send_anonymous_usage_stats': 'True'}
[0m13:12:44.027040 [info ] [MainThread]: dbt version: 1.8.2
[0m13:12:44.028037 [info ] [MainThread]: python version: 3.8.9
[0m13:12:44.028037 [info ] [MainThread]: python path: c:\users\dell\documents\adventure-works-fea\adventure_works_fea\venv\scripts\python.exe
[0m13:12:44.029036 [info ] [MainThread]: os info: Windows-10-10.0.22621-SP0
[0m13:12:44.034004 [info ] [MainThread]: target not specified in profile 'adventure_works_fea', using 'default'
[0m13:12:44.035322 [info ] [MainThread]: Using profiles dir at C:\Users\DELL\Documents\adventure-works-fea\adventure_works_fea
[0m13:12:44.036680 [info ] [MainThread]: Using profiles.yml file at C:\Users\DELL\Documents\adventure-works-fea\adventure_works_fea\profiles.yml
[0m13:12:44.036680 [info ] [MainThread]: Using dbt_project.yml file at C:\Users\DELL\Documents\adventure-works-fea\adventure_works_fea\dbt_project.yml
[0m13:12:44.155719 [info ] [MainThread]: Configuration:
[0m13:12:44.156725 [info ] [MainThread]:   profiles.yml file [[31mERROR invalid[0m]
[0m13:12:44.156725 [info ] [MainThread]:   dbt_project.yml file [[32mOK found and valid[0m]
[0m13:12:44.157822 [info ] [MainThread]: Required dependencies:
[0m13:12:44.159283 [debug] [MainThread]: Executing "git --help"
[0m13:12:44.280106 [debug] [MainThread]: STDOUT: "b"usage: git [-v | --version] [-h | --help] [-C <path>] [-c <name>=<value>]\n           [--exec-path[=<path>]] [--html-path] [--man-path] [--info-path]\n           [-p | --paginate | -P | --no-pager] [--no-replace-objects] [--bare]\n           [--git-dir=<path>] [--work-tree=<path>] [--namespace=<name>]\n           [--config-env=<name>=<envvar>] <command> [<args>]\n\nThese are common Git commands used in various situations:\n\nstart a working area (see also: git help tutorial)\n   clone     Clone a repository into a new directory\n   init      Create an empty Git repository or reinitialize an existing one\n\nwork on the current change (see also: git help everyday)\n   add       Add file contents to the index\n   mv        Move or rename a file, a directory, or a symlink\n   restore   Restore working tree files\n   rm        Remove files from the working tree and from the index\n\nexamine the history and state (see also: git help revisions)\n   bisect    Use binary search to find the commit that introduced a bug\n   diff      Show changes between commits, commit and working tree, etc\n   grep      Print lines matching a pattern\n   log       Show commit logs\n   show      Show various types of objects\n   status    Show the working tree status\n\ngrow, mark and tweak your common history\n   branch    List, create, or delete branches\n   commit    Record changes to the repository\n   merge     Join two or more development histories together\n   rebase    Reapply commits on top of another base tip\n   reset     Reset current HEAD to the specified state\n   switch    Switch branches\n   tag       Create, list, delete or verify a tag object signed with GPG\n\ncollaborate (see also: git help workflows)\n   fetch     Download objects and refs from another repository\n   pull      Fetch from and integrate with another repository or a local branch\n   push      Update remote refs along with associated objects\n\n'git help -a' and 'git help -g' list available subcommands and some\nconcept guides. See 'git help <command>' or 'git help <concept>'\nto read about a specific subcommand or concept.\nSee 'git help git' for an overview of the system.\n""
[0m13:12:44.280106 [debug] [MainThread]: STDERR: "b''"
[0m13:12:44.281111 [info ] [MainThread]:  - git [[32mOK found[0m]

[0m13:12:44.282113 [info ] [MainThread]: Connection test skipped since no profile was found
[0m13:12:44.283111 [info ] [MainThread]: [31m1 check failed:[0m
[0m13:12:44.283111 [info ] [MainThread]: Profile loading failed for the following reason:
Runtime Error
  The profile 'adventure_works_fea' does not have a target named 'default'. The valid target names for this profile are:
   - dev


[0m13:12:44.285337 [debug] [MainThread]: Command `dbt debug` failed at 13:12:44.285337 after 0.36 seconds
[0m13:12:44.285877 [debug] [MainThread]: Sending event: {'category': 'dbt', 'action': 'invocation', 'label': 'end', 'context': [<snowplow_tracker.self_describing_json.SelfDescribingJson object at 0x000001740CF06370>, <snowplow_tracker.self_describing_json.SelfDescribingJson object at 0x000001740AE4D490>, <snowplow_tracker.self_describing_json.SelfDescribingJson object at 0x000001740DA6F3D0>]}
[0m13:12:44.286419 [debug] [MainThread]: Flushing usage events
[0m13:15:20.846039 [debug] [MainThread]: Sending event: {'category': 'dbt', 'action': 'invocation', 'label': 'start', 'context': [<snowplow_tracker.self_describing_json.SelfDescribingJson object at 0x0000017165D982B0>, <snowplow_tracker.self_describing_json.SelfDescribingJson object at 0x00000171688850D0>, <snowplow_tracker.self_describing_json.SelfDescribingJson object at 0x0000017167E72640>]}


============================== 13:15:20.850556 | f1e86a51-5719-436a-9576-88d83fdaccfa ==============================
[0m13:15:20.850556 [info ] [MainThread]: Running with dbt=1.8.2
[0m13:15:20.852563 [debug] [MainThread]: running dbt with arguments {'printer_width': '80', 'indirect_selection': 'eager', 'write_json': 'True', 'log_cache_events': 'False', 'partial_parse': 'True', 'cache_selected_only': 'False', 'profiles_dir': 'C:\\Users\\DELL\\.dbt', 'debug': 'False', 'fail_fast': 'False', 'log_path': 'C:\\Users\\DELL\\Documents\\adventure-works-fea\\adventure_works_fea\\logs', 'warn_error': 'None', 'version_check': 'True', 'use_colors': 'True', 'use_experimental_parser': 'False', 'no_print': 'None', 'quiet': 'False', 'warn_error_options': 'WarnErrorOptions(include=[], exclude=[])', 'static_parser': 'True', 'introspect': 'True', 'invocation_command': 'dbt debug', 'target_path': 'None', 'log_format': 'default', 'send_anonymous_usage_stats': 'True'}
[0m13:15:20.877520 [info ] [MainThread]: dbt version: 1.8.2
[0m13:15:20.878143 [info ] [MainThread]: python version: 3.8.9
[0m13:15:20.879542 [info ] [MainThread]: python path: c:\users\dell\documents\adventure-works-fea\adventure_works_fea\venv\scripts\python.exe
[0m13:15:20.880048 [info ] [MainThread]: os info: Windows-10-10.0.22621-SP0
[0m13:15:22.116517 [info ] [MainThread]: Using profiles dir at C:\Users\DELL\.dbt
[0m13:15:22.117056 [info ] [MainThread]: Using profiles.yml file at C:\Users\DELL\.dbt\profiles.yml
[0m13:15:22.118489 [info ] [MainThread]: Using dbt_project.yml file at C:\Users\DELL\Documents\adventure-works-fea\adventure_works_fea\dbt_project.yml
[0m13:15:22.118951 [info ] [MainThread]: adapter type: bigquery
[0m13:15:22.119800 [info ] [MainThread]: adapter version: 1.8.1
[0m13:15:22.257096 [info ] [MainThread]: Configuration:
[0m13:15:22.258125 [info ] [MainThread]:   profiles.yml file [[32mOK found and valid[0m]
[0m13:15:22.258125 [info ] [MainThread]:   dbt_project.yml file [[32mOK found and valid[0m]
[0m13:15:22.259132 [info ] [MainThread]: Required dependencies:
[0m13:15:22.260131 [debug] [MainThread]: Executing "git --help"
[0m13:15:22.427439 [debug] [MainThread]: STDOUT: "b"usage: git [-v | --version] [-h | --help] [-C <path>] [-c <name>=<value>]\n           [--exec-path[=<path>]] [--html-path] [--man-path] [--info-path]\n           [-p | --paginate | -P | --no-pager] [--no-replace-objects] [--bare]\n           [--git-dir=<path>] [--work-tree=<path>] [--namespace=<name>]\n           [--config-env=<name>=<envvar>] <command> [<args>]\n\nThese are common Git commands used in various situations:\n\nstart a working area (see also: git help tutorial)\n   clone     Clone a repository into a new directory\n   init      Create an empty Git repository or reinitialize an existing one\n\nwork on the current change (see also: git help everyday)\n   add       Add file contents to the index\n   mv        Move or rename a file, a directory, or a symlink\n   restore   Restore working tree files\n   rm        Remove files from the working tree and from the index\n\nexamine the history and state (see also: git help revisions)\n   bisect    Use binary search to find the commit that introduced a bug\n   diff      Show changes between commits, commit and working tree, etc\n   grep      Print lines matching a pattern\n   log       Show commit logs\n   show      Show various types of objects\n   status    Show the working tree status\n\ngrow, mark and tweak your common history\n   branch    List, create, or delete branches\n   commit    Record changes to the repository\n   merge     Join two or more development histories together\n   rebase    Reapply commits on top of another base tip\n   reset     Reset current HEAD to the specified state\n   switch    Switch branches\n   tag       Create, list, delete or verify a tag object signed with GPG\n\ncollaborate (see also: git help workflows)\n   fetch     Download objects and refs from another repository\n   pull      Fetch from and integrate with another repository or a local branch\n   push      Update remote refs along with associated objects\n\n'git help -a' and 'git help -g' list available subcommands and some\nconcept guides. See 'git help <command>' or 'git help <concept>'\nto read about a specific subcommand or concept.\nSee 'git help git' for an overview of the system.\n""
[0m13:15:22.427439 [debug] [MainThread]: STDERR: "b''"
[0m13:15:22.428761 [info ] [MainThread]:  - git [[32mOK found[0m]

[0m13:15:22.429304 [info ] [MainThread]: Connection:
[0m13:15:22.430458 [info ] [MainThread]:   method: oauth
[0m13:15:22.431467 [info ] [MainThread]:   database: adventure-works-fea
[0m13:15:22.432470 [info ] [MainThread]:   execution_project: adventure-works-fea
[0m13:15:22.433468 [info ] [MainThread]:   schema: dados_brutos
[0m13:15:22.434977 [info ] [MainThread]:   location: US
[0m13:15:22.435986 [info ] [MainThread]:   priority: interactive
[0m13:15:22.436986 [info ] [MainThread]:   maximum_bytes_billed: None
[0m13:15:22.437986 [info ] [MainThread]:   impersonate_service_account: None
[0m13:15:22.438988 [info ] [MainThread]:   job_retry_deadline_seconds: None
[0m13:15:22.440310 [info ] [MainThread]:   job_retries: 1
[0m13:15:22.441547 [info ] [MainThread]:   job_creation_timeout_seconds: None
[0m13:15:22.442056 [info ] [MainThread]:   job_execution_timeout_seconds: 300
[0m13:15:22.442056 [info ] [MainThread]:   timeout_seconds: 300
[0m13:15:22.443293 [info ] [MainThread]:   client_id: None
[0m13:15:22.444300 [info ] [MainThread]:   token_uri: None
[0m13:15:22.445663 [info ] [MainThread]:   dataproc_region: None
[0m13:15:22.446672 [info ] [MainThread]:   dataproc_cluster_name: None
[0m13:15:22.447673 [info ] [MainThread]:   gcs_bucket: None
[0m13:15:22.447673 [info ] [MainThread]:   dataproc_batch: None
[0m13:15:22.449745 [info ] [MainThread]: Registered adapter: bigquery=1.8.1
[0m13:15:22.451839 [debug] [MainThread]: Acquiring new bigquery connection 'debug'
[0m13:15:22.452817 [debug] [MainThread]: Opening a new connection, currently in state init
[0m13:15:24.211985 [debug] [MainThread]: On debug: select 1 as id
[0m13:15:26.320258 [debug] [MainThread]: BigQuery adapter: https://console.cloud.google.com/bigquery?project=adventure-works-fea&j=bq:US:d86f239c-1696-45d5-a866-4c0f563df078&page=queryresults
[0m13:15:27.456454 [info ] [MainThread]:   Connection test: [[32mOK connection ok[0m]

[0m13:15:27.460406 [info ] [MainThread]: [32mAll checks passed![0m
[0m13:15:27.467773 [debug] [MainThread]: Command `dbt debug` succeeded at 13:15:27.466737 after 6.69 seconds
[0m13:15:27.469591 [debug] [MainThread]: Connection 'debug' was properly closed.
[0m13:15:27.470622 [debug] [MainThread]: Sending event: {'category': 'dbt', 'action': 'invocation', 'label': 'end', 'context': [<snowplow_tracker.self_describing_json.SelfDescribingJson object at 0x0000017165D982B0>, <snowplow_tracker.self_describing_json.SelfDescribingJson object at 0x00000171685643D0>, <snowplow_tracker.self_describing_json.SelfDescribingJson object at 0x000001717A0FB130>]}
[0m13:15:27.472622 [debug] [MainThread]: Flushing usage events
